[27-Jun-2016 03:52:27 UTC] PHP Parse error:  syntax error, unexpected '$temp' (T_VARIABLE), expecting ',' or ';' in /home/ubuntu/workspace/work/Lottery/result.php on line 18
[15-Jul-2016 08:48:57 UTC] PHP Warning:  Invalid argument supplied for foreach() in /home/ubuntu/workspace/work/WorldO/personalPage.php on line 90
[15-Jul-2016 08:48:57 UTC] PHP Stack trace:
[15-Jul-2016 08:48:57 UTC] PHP   1. {main}() /home/ubuntu/workspace/work/WorldO/personalPage.php:0
[15-Jul-2016 08:52:54 UTC] PHP Warning:  Invalid argument supplied for foreach() in /home/ubuntu/workspace/work/WorldO/personalPage.php on line 92
[15-Jul-2016 08:52:54 UTC] PHP Stack trace:
[15-Jul-2016 08:52:54 UTC] PHP   1. {main}() /home/ubuntu/workspace/work/WorldO/personalPage.php:0
[15-Jul-2016 09:05:56 UTC] PHP Warning:  Invalid argument supplied for foreach() in /home/ubuntu/workspace/work/WorldO/personalPage.php on line 92
[15-Jul-2016 09:05:56 UTC] PHP Stack trace:
[15-Jul-2016 09:05:56 UTC] PHP   1. {main}() /home/ubuntu/workspace/work/WorldO/personalPage.php:0
[15-Jul-2016 09:09:50 UTC] PHP Warning:  Invalid argument supplied for foreach() in /home/ubuntu/workspace/work/WorldO/personalPage.php on line 92
[15-Jul-2016 09:09:50 UTC] PHP Stack trace:
[15-Jul-2016 09:09:50 UTC] PHP   1. {main}() /home/ubuntu/workspace/work/WorldO/personalPage.php:0
[17-Jul-2016 02:18:30 UTC] PHP Warning:  Invalid argument supplied for foreach() in /home/ubuntu/workspace/work/WorldO/personalPage.php on line 92
[17-Jul-2016 02:18:30 UTC] PHP Stack trace:
[17-Jul-2016 02:18:30 UTC] PHP   1. {main}() /home/ubuntu/workspace/work/WorldO/personalPage.php:0
[18-Jul-2016 01:39:06 UTC] PHP Warning:  Invalid argument supplied for foreach() in /home/ubuntu/workspace/work/WorldO/personalPage.php on line 92
[18-Jul-2016 01:39:06 UTC] PHP Stack trace:
[18-Jul-2016 01:39:06 UTC] PHP   1. {main}() /home/ubuntu/workspace/work/WorldO/personalPage.php:0
[18-Jul-2016 02:24:02 UTC] PHP Warning:  Invalid argument supplied for foreach() in /home/ubuntu/workspace/work/WorldO/personalPage.php on line 103
[18-Jul-2016 02:24:02 UTC] PHP Stack trace:
[18-Jul-2016 02:24:02 UTC] PHP   1. {main}() /home/ubuntu/workspace/work/WorldO/personalPage.php:0
[18-Jul-2016 02:24:25 UTC] PHP Warning:  Invalid argument supplied for foreach() in /home/ubuntu/workspace/work/WorldO/personalPage.php on line 103
[18-Jul-2016 02:24:25 UTC] PHP Stack trace:
[18-Jul-2016 02:24:25 UTC] PHP   1. {main}() /home/ubuntu/workspace/work/WorldO/personalPage.php:0
[18-Jul-2016 02:24:27 UTC] PHP Warning:  Invalid argument supplied for foreach() in /home/ubuntu/workspace/work/WorldO/personalPage.php on line 103
[18-Jul-2016 02:24:27 UTC] PHP Stack trace:
[18-Jul-2016 02:24:27 UTC] PHP   1. {main}() /home/ubuntu/workspace/work/WorldO/personalPage.php:0
[18-Jul-2016 02:25:01 UTC] PHP Warning:  Invalid argument supplied for foreach() in /home/ubuntu/workspace/work/WorldO/personalPage.php on line 103
[18-Jul-2016 02:25:01 UTC] PHP Stack trace:
[18-Jul-2016 02:25:01 UTC] PHP   1. {main}() /home/ubuntu/workspace/work/WorldO/personalPage.php:0
[18-Jul-2016 02:26:41 UTC] PHP Warning:  Invalid argument supplied for foreach() in /home/ubuntu/workspace/work/WorldO/personalPage.php on line 99
[18-Jul-2016 02:26:41 UTC] PHP Stack trace:
[18-Jul-2016 02:26:41 UTC] PHP   1. {main}() /home/ubuntu/workspace/work/WorldO/personalPage.php:0
[18-Jul-2016 02:26:43 UTC] PHP Warning:  Invalid argument supplied for foreach() in /home/ubuntu/workspace/work/WorldO/personalPage.php on line 99
[18-Jul-2016 02:26:43 UTC] PHP Stack trace:
[18-Jul-2016 02:26:43 UTC] PHP   1. {main}() /home/ubuntu/workspace/work/WorldO/personalPage.php:0
[18-Jul-2016 02:27:10 UTC] PHP Warning:  Invalid argument supplied for foreach() in /home/ubuntu/workspace/work/WorldO/personalPage.php on line 99
[18-Jul-2016 02:27:10 UTC] PHP Stack trace:
[18-Jul-2016 02:27:10 UTC] PHP   1. {main}() /home/ubuntu/workspace/work/WorldO/personalPage.php:0
[18-Jul-2016 02:27:21 UTC] PHP Warning:  Invalid argument supplied for foreach() in /home/ubuntu/workspace/work/WorldO/personalPage.php on line 99
[18-Jul-2016 02:27:21 UTC] PHP Stack trace:
[18-Jul-2016 02:27:21 UTC] PHP   1. {main}() /home/ubuntu/workspace/work/WorldO/personalPage.php:0
[18-Jul-2016 02:27:47 UTC] PHP Warning:  Invalid argument supplied for foreach() in /home/ubuntu/workspace/work/WorldO/personalPage.php on line 99
[18-Jul-2016 02:27:47 UTC] PHP Stack trace:
[18-Jul-2016 02:27:47 UTC] PHP   1. {main}() /home/ubuntu/workspace/work/WorldO/personalPage.php:0
[18-Jul-2016 02:28:14 UTC] PHP Warning:  Invalid argument supplied for foreach() in /home/ubuntu/workspace/work/WorldO/personalPage.php on line 99
[18-Jul-2016 02:28:14 UTC] PHP Stack trace:
[18-Jul-2016 02:28:14 UTC] PHP   1. {main}() /home/ubuntu/workspace/work/WorldO/personalPage.php:0
[18-Jul-2016 02:29:39 UTC] PHP Warning:  Invalid argument supplied for foreach() in /home/ubuntu/workspace/work/WorldO/personalPage.php on line 99
[18-Jul-2016 02:29:39 UTC] PHP Stack trace:
[18-Jul-2016 02:29:39 UTC] PHP   1. {main}() /home/ubuntu/workspace/work/WorldO/personalPage.php:0
[18-Jul-2016 02:29:40 UTC] PHP Warning:  Invalid argument supplied for foreach() in /home/ubuntu/workspace/work/WorldO/personalPage.php on line 99
[18-Jul-2016 02:29:40 UTC] PHP Stack trace:
[18-Jul-2016 02:29:40 UTC] PHP   1. {main}() /home/ubuntu/workspace/work/WorldO/personalPage.php:0
[18-Jul-2016 02:29:47 UTC] PHP Warning:  Invalid argument supplied for foreach() in /home/ubuntu/workspace/work/WorldO/personalPage.php on line 99
[18-Jul-2016 02:29:47 UTC] PHP Stack trace:
[18-Jul-2016 02:29:47 UTC] PHP   1. {main}() /home/ubuntu/workspace/work/WorldO/personalPage.php:0
[18-Jul-2016 02:31:01 UTC] PHP Warning:  Invalid argument supplied for foreach() in /home/ubuntu/workspace/work/WorldO/personalPage.php on line 101
[18-Jul-2016 02:31:01 UTC] PHP Stack trace:
[18-Jul-2016 02:31:01 UTC] PHP   1. {main}() /home/ubuntu/workspace/work/WorldO/personalPage.php:0
[18-Jul-2016 02:31:03 UTC] PHP Warning:  Invalid argument supplied for foreach() in /home/ubuntu/workspace/work/WorldO/personalPage.php on line 101
[18-Jul-2016 02:31:03 UTC] PHP Stack trace:
[18-Jul-2016 02:31:03 UTC] PHP   1. {main}() /home/ubuntu/workspace/work/WorldO/personalPage.php:0
[18-Jul-2016 02:31:36 UTC] PHP Warning:  Invalid argument supplied for foreach() in /home/ubuntu/workspace/work/WorldO/personalPage.php on line 101
[18-Jul-2016 02:31:36 UTC] PHP Stack trace:
[18-Jul-2016 02:31:36 UTC] PHP   1. {main}() /home/ubuntu/workspace/work/WorldO/personalPage.php:0
[18-Jul-2016 02:31:37 UTC] PHP Warning:  Invalid argument supplied for foreach() in /home/ubuntu/workspace/work/WorldO/personalPage.php on line 101
[18-Jul-2016 02:31:37 UTC] PHP Stack trace:
[18-Jul-2016 02:31:37 UTC] PHP   1. {main}() /home/ubuntu/workspace/work/WorldO/personalPage.php:0
[18-Jul-2016 02:32:11 UTC] PHP Warning:  Invalid argument supplied for foreach() in /home/ubuntu/workspace/work/WorldO/personalPage.php on line 101
[18-Jul-2016 02:32:11 UTC] PHP Stack trace:
[18-Jul-2016 02:32:11 UTC] PHP   1. {main}() /home/ubuntu/workspace/work/WorldO/personalPage.php:0
[18-Jul-2016 02:32:12 UTC] PHP Warning:  Invalid argument supplied for foreach() in /home/ubuntu/workspace/work/WorldO/personalPage.php on line 101
[18-Jul-2016 02:32:12 UTC] PHP Stack trace:
[18-Jul-2016 02:32:12 UTC] PHP   1. {main}() /home/ubuntu/workspace/work/WorldO/personalPage.php:0
[18-Jul-2016 02:35:45 UTC] PHP Warning:  Invalid argument supplied for foreach() in /home/ubuntu/workspace/work/WorldO/personalPage.php on line 101
[18-Jul-2016 02:35:45 UTC] PHP Stack trace:
[18-Jul-2016 02:35:45 UTC] PHP   1. {main}() /home/ubuntu/workspace/work/WorldO/personalPage.php:0
[18-Jul-2016 02:36:00 UTC] PHP Warning:  Invalid argument supplied for foreach() in /home/ubuntu/workspace/work/WorldO/personalPage.php on line 99
[18-Jul-2016 02:36:00 UTC] PHP Stack trace:
[18-Jul-2016 02:36:00 UTC] PHP   1. {main}() /home/ubuntu/workspace/work/WorldO/personalPage.php:0
[18-Jul-2016 02:36:03 UTC] PHP Warning:  Invalid argument supplied for foreach() in /home/ubuntu/workspace/work/WorldO/personalPage.php on line 99
[18-Jul-2016 02:36:03 UTC] PHP Stack trace:
[18-Jul-2016 02:36:03 UTC] PHP   1. {main}() /home/ubuntu/workspace/work/WorldO/personalPage.php:0
[18-Jul-2016 02:36:45 UTC] PHP Warning:  Invalid argument supplied for foreach() in /home/ubuntu/workspace/work/WorldO/personalPage.php on line 99
[18-Jul-2016 02:36:45 UTC] PHP Stack trace:
[18-Jul-2016 02:36:45 UTC] PHP   1. {main}() /home/ubuntu/workspace/work/WorldO/personalPage.php:0
[18-Jul-2016 02:55:43 UTC] PHP Warning:  Invalid argument supplied for foreach() in /home/ubuntu/workspace/work/WorldO/personalPage.php on line 99
[18-Jul-2016 02:55:43 UTC] PHP Stack trace:
[18-Jul-2016 02:55:43 UTC] PHP   1. {main}() /home/ubuntu/workspace/work/WorldO/personalPage.php:0
[18-Jul-2016 02:55:54 UTC] PHP Warning:  Invalid argument supplied for foreach() in /home/ubuntu/workspace/work/WorldO/personalPage.php on line 99
[18-Jul-2016 02:55:54 UTC] PHP Stack trace:
[18-Jul-2016 02:55:54 UTC] PHP   1. {main}() /home/ubuntu/workspace/work/WorldO/personalPage.php:0
[18-Jul-2016 02:56:03 UTC] PHP Warning:  Invalid argument supplied for foreach() in /home/ubuntu/workspace/work/WorldO/personalPage.php on line 99
[18-Jul-2016 02:56:03 UTC] PHP Stack trace:
[18-Jul-2016 02:56:03 UTC] PHP   1. {main}() /home/ubuntu/workspace/work/WorldO/personalPage.php:0
[18-Jul-2016 02:56:14 UTC] PHP Warning:  Invalid argument supplied for foreach() in /home/ubuntu/workspace/work/WorldO/personalPage.php on line 99
[18-Jul-2016 02:56:14 UTC] PHP Stack trace:
[18-Jul-2016 02:56:14 UTC] PHP   1. {main}() /home/ubuntu/workspace/work/WorldO/personalPage.php:0
[18-Jul-2016 02:56:23 UTC] PHP Warning:  Invalid argument supplied for foreach() in /home/ubuntu/workspace/work/WorldO/personalPage.php on line 99
[18-Jul-2016 02:56:23 UTC] PHP Stack trace:
[18-Jul-2016 02:56:23 UTC] PHP   1. {main}() /home/ubuntu/workspace/work/WorldO/personalPage.php:0
[18-Jul-2016 02:58:13 UTC] PHP Warning:  Invalid argument supplied for foreach() in /home/ubuntu/workspace/work/WorldO/personalPage.php on line 99
[18-Jul-2016 02:58:13 UTC] PHP Stack trace:
[18-Jul-2016 02:58:13 UTC] PHP   1. {main}() /home/ubuntu/workspace/work/WorldO/personalPage.php:0
[18-Jul-2016 02:58:14 UTC] PHP Warning:  Invalid argument supplied for foreach() in /home/ubuntu/workspace/work/WorldO/personalPage.php on line 99
[18-Jul-2016 02:58:14 UTC] PHP Stack trace:
[18-Jul-2016 02:58:14 UTC] PHP   1. {main}() /home/ubuntu/workspace/work/WorldO/personalPage.php:0
[18-Jul-2016 02:58:30 UTC] PHP Warning:  Invalid argument supplied for foreach() in /home/ubuntu/workspace/work/WorldO/personalPage.php on line 99
[18-Jul-2016 02:58:30 UTC] PHP Stack trace:
[18-Jul-2016 02:58:30 UTC] PHP   1. {main}() /home/ubuntu/workspace/work/WorldO/personalPage.php:0
[18-Jul-2016 03:00:06 UTC] PHP Warning:  Invalid argument supplied for foreach() in /home/ubuntu/workspace/work/WorldO/personalPage.php on line 99
[18-Jul-2016 03:00:06 UTC] PHP Stack trace:
[18-Jul-2016 03:00:06 UTC] PHP   1. {main}() /home/ubuntu/workspace/work/WorldO/personalPage.php:0
[18-Jul-2016 03:00:08 UTC] PHP Warning:  Invalid argument supplied for foreach() in /home/ubuntu/workspace/work/WorldO/personalPage.php on line 99
[18-Jul-2016 03:00:08 UTC] PHP Stack trace:
[18-Jul-2016 03:00:08 UTC] PHP   1. {main}() /home/ubuntu/workspace/work/WorldO/personalPage.php:0
[18-Jul-2016 03:00:09 UTC] PHP Warning:  Invalid argument supplied for foreach() in /home/ubuntu/workspace/work/WorldO/personalPage.php on line 99
[18-Jul-2016 03:00:09 UTC] PHP Stack trace:
[18-Jul-2016 03:00:09 UTC] PHP   1. {main}() /home/ubuntu/workspace/work/WorldO/personalPage.php:0
[18-Jul-2016 03:00:27 UTC] PHP Warning:  Invalid argument supplied for foreach() in /home/ubuntu/workspace/work/WorldO/personalPage.php on line 99
[18-Jul-2016 03:00:27 UTC] PHP Stack trace:
[18-Jul-2016 03:00:27 UTC] PHP   1. {main}() /home/ubuntu/workspace/work/WorldO/personalPage.php:0
[18-Jul-2016 03:00:29 UTC] PHP Warning:  Invalid argument supplied for foreach() in /home/ubuntu/workspace/work/WorldO/personalPage.php on line 99
[18-Jul-2016 03:00:29 UTC] PHP Stack trace:
[18-Jul-2016 03:00:29 UTC] PHP   1. {main}() /home/ubuntu/workspace/work/WorldO/personalPage.php:0
[18-Jul-2016 03:02:11 UTC] PHP Warning:  Invalid argument supplied for foreach() in /home/ubuntu/workspace/work/WorldO/personalPage.php on line 99
[18-Jul-2016 03:02:11 UTC] PHP Stack trace:
[18-Jul-2016 03:02:11 UTC] PHP   1. {main}() /home/ubuntu/workspace/work/WorldO/personalPage.php:0
[18-Jul-2016 03:05:27 UTC] PHP Warning:  Invalid argument supplied for foreach() in /home/ubuntu/workspace/work/WorldO/personalPage.php on line 99
[18-Jul-2016 03:05:27 UTC] PHP Stack trace:
[18-Jul-2016 03:05:27 UTC] PHP   1. {main}() /home/ubuntu/workspace/work/WorldO/personalPage.php:0
[18-Jul-2016 03:05:33 UTC] PHP Warning:  Invalid argument supplied for foreach() in /home/ubuntu/workspace/work/WorldO/personalPage.php on line 99
[18-Jul-2016 03:05:33 UTC] PHP Stack trace:
[18-Jul-2016 03:05:33 UTC] PHP   1. {main}() /home/ubuntu/workspace/work/WorldO/personalPage.php:0
[18-Jul-2016 03:36:22 UTC] PHP Warning:  Invalid argument supplied for foreach() in /home/ubuntu/workspace/work/WorldO/personalPage.php on line 99
[18-Jul-2016 03:36:22 UTC] PHP Stack trace:
[18-Jul-2016 03:36:22 UTC] PHP   1. {main}() /home/ubuntu/workspace/work/WorldO/personalPage.php:0
[18-Jul-2016 03:36:24 UTC] PHP Warning:  Invalid argument supplied for foreach() in /home/ubuntu/workspace/work/WorldO/personalPage.php on line 99
[18-Jul-2016 03:36:24 UTC] PHP Stack trace:
[18-Jul-2016 03:36:24 UTC] PHP   1. {main}() /home/ubuntu/workspace/work/WorldO/personalPage.php:0
[18-Jul-2016 03:36:48 UTC] PHP Warning:  Invalid argument supplied for foreach() in /home/ubuntu/workspace/work/WorldO/personalPage.php on line 99
[18-Jul-2016 03:36:48 UTC] PHP Stack trace:
[18-Jul-2016 03:36:48 UTC] PHP   1. {main}() /home/ubuntu/workspace/work/WorldO/personalPage.php:0
[18-Jul-2016 03:36:49 UTC] PHP Warning:  Invalid argument supplied for foreach() in /home/ubuntu/workspace/work/WorldO/personalPage.php on line 99
[18-Jul-2016 03:36:49 UTC] PHP Stack trace:
[18-Jul-2016 03:36:49 UTC] PHP   1. {main}() /home/ubuntu/workspace/work/WorldO/personalPage.php:0
[18-Jul-2016 03:37:35 UTC] PHP Warning:  Invalid argument supplied for foreach() in /home/ubuntu/workspace/work/WorldO/personalPage.php on line 99
[18-Jul-2016 03:37:35 UTC] PHP Stack trace:
[18-Jul-2016 03:37:35 UTC] PHP   1. {main}() /home/ubuntu/workspace/work/WorldO/personalPage.php:0
[18-Jul-2016 03:37:37 UTC] PHP Warning:  Invalid argument supplied for foreach() in /home/ubuntu/workspace/work/WorldO/personalPage.php on line 99
[18-Jul-2016 03:37:37 UTC] PHP Stack trace:
[18-Jul-2016 03:37:37 UTC] PHP   1. {main}() /home/ubuntu/workspace/work/WorldO/personalPage.php:0
[18-Jul-2016 03:38:27 UTC] PHP Warning:  Invalid argument supplied for foreach() in /home/ubuntu/workspace/work/WorldO/personalPage.php on line 99
[18-Jul-2016 03:38:27 UTC] PHP Stack trace:
[18-Jul-2016 03:38:27 UTC] PHP   1. {main}() /home/ubuntu/workspace/work/WorldO/personalPage.php:0
[18-Jul-2016 03:38:29 UTC] PHP Warning:  Invalid argument supplied for foreach() in /home/ubuntu/workspace/work/WorldO/personalPage.php on line 99
[18-Jul-2016 03:38:29 UTC] PHP Stack trace:
[18-Jul-2016 03:38:29 UTC] PHP   1. {main}() /home/ubuntu/workspace/work/WorldO/personalPage.php:0
[18-Jul-2016 03:38:39 UTC] PHP Warning:  Invalid argument supplied for foreach() in /home/ubuntu/workspace/work/WorldO/personalPage.php on line 99
[18-Jul-2016 03:38:39 UTC] PHP Stack trace:
[18-Jul-2016 03:38:39 UTC] PHP   1. {main}() /home/ubuntu/workspace/work/WorldO/personalPage.php:0
[18-Jul-2016 03:38:41 UTC] PHP Warning:  Invalid argument supplied for foreach() in /home/ubuntu/workspace/work/WorldO/personalPage.php on line 99
[18-Jul-2016 03:38:41 UTC] PHP Stack trace:
[18-Jul-2016 03:38:41 UTC] PHP   1. {main}() /home/ubuntu/workspace/work/WorldO/personalPage.php:0
[18-Jul-2016 03:39:23 UTC] PHP Warning:  Invalid argument supplied for foreach() in /home/ubuntu/workspace/work/WorldO/personalPage.php on line 99
[18-Jul-2016 03:39:23 UTC] PHP Stack trace:
[18-Jul-2016 03:39:23 UTC] PHP   1. {main}() /home/ubuntu/workspace/work/WorldO/personalPage.php:0
[18-Jul-2016 03:39:26 UTC] PHP Warning:  Invalid argument supplied for foreach() in /home/ubuntu/workspace/work/WorldO/personalPage.php on line 99
[18-Jul-2016 03:39:26 UTC] PHP Stack trace:
[18-Jul-2016 03:39:26 UTC] PHP   1. {main}() /home/ubuntu/workspace/work/WorldO/personalPage.php:0
[18-Jul-2016 03:42:36 UTC] PHP Warning:  Invalid argument supplied for foreach() in /home/ubuntu/workspace/work/WorldO/personalPage.php on line 97
[18-Jul-2016 03:42:36 UTC] PHP Stack trace:
[18-Jul-2016 03:42:36 UTC] PHP   1. {main}() /home/ubuntu/workspace/work/WorldO/personalPage.php:0
[18-Jul-2016 04:07:43 UTC] PHP Warning:  Invalid argument supplied for foreach() in /home/ubuntu/workspace/work/WorldO/personalPage.php on line 97
[18-Jul-2016 04:07:43 UTC] PHP Stack trace:
[18-Jul-2016 04:07:43 UTC] PHP   1. {main}() /home/ubuntu/workspace/work/WorldO/personalPage.php:0
[18-Jul-2016 04:08:07 UTC] PHP Warning:  Invalid argument supplied for foreach() in /home/ubuntu/workspace/work/WorldO/personalPage.php on line 97
[18-Jul-2016 04:08:07 UTC] PHP Stack trace:
[18-Jul-2016 04:08:07 UTC] PHP   1. {main}() /home/ubuntu/workspace/work/WorldO/personalPage.php:0
[18-Jul-2016 04:08:57 UTC] PHP Warning:  Invalid argument supplied for foreach() in /home/ubuntu/workspace/work/WorldO/personalPage.php on line 97
[18-Jul-2016 04:08:57 UTC] PHP Stack trace:
[18-Jul-2016 04:08:57 UTC] PHP   1. {main}() /home/ubuntu/workspace/work/WorldO/personalPage.php:0
[18-Jul-2016 04:10:29 UTC] PHP Warning:  Invalid argument supplied for foreach() in /home/ubuntu/workspace/work/WorldO/personalPage.php on line 97
[18-Jul-2016 04:10:29 UTC] PHP Stack trace:
[18-Jul-2016 04:10:29 UTC] PHP   1. {main}() /home/ubuntu/workspace/work/WorldO/personalPage.php:0
[18-Jul-2016 04:10:53 UTC] PHP Warning:  Invalid argument supplied for foreach() in /home/ubuntu/workspace/work/WorldO/personalPage.php on line 97
[18-Jul-2016 04:10:53 UTC] PHP Stack trace:
[18-Jul-2016 04:10:53 UTC] PHP   1. {main}() /home/ubuntu/workspace/work/WorldO/personalPage.php:0
[18-Jul-2016 06:09:24 UTC] PHP Warning:  Invalid argument supplied for foreach() in /home/ubuntu/workspace/work/WorldO/personalPage.php on line 97
[18-Jul-2016 06:09:24 UTC] PHP Stack trace:
[18-Jul-2016 06:09:24 UTC] PHP   1. {main}() /home/ubuntu/workspace/work/WorldO/personalPage.php:0
[18-Jul-2016 06:13:43 UTC] PHP Warning:  Invalid argument supplied for foreach() in /home/ubuntu/workspace/work/WorldO/personalPage.php on line 97
[18-Jul-2016 06:13:43 UTC] PHP Stack trace:
[18-Jul-2016 06:13:43 UTC] PHP   1. {main}() /home/ubuntu/workspace/work/WorldO/personalPage.php:0
[18-Jul-2016 08:37:49 UTC] PHP Warning:  Invalid argument supplied for foreach() in /home/ubuntu/workspace/work/WorldO/personalPage.php on line 97
[18-Jul-2016 08:37:49 UTC] PHP Stack trace:
[18-Jul-2016 08:37:49 UTC] PHP   1. {main}() /home/ubuntu/workspace/work/WorldO/personalPage.php:0
[18-Jul-2016 09:10:21 UTC] PHP Fatal error:  Cannot use [] for reading in /home/ubuntu/workspace/work/WorldO/personalPage.php on line 98
