[19-Jul-2016 08:31:40 UTC] PHP Warning:  require_once(model/loadArticle.php): failed to open stream: No such file or directory in /home/ubuntu/workspace/WorldO/views/personalPage.php on line 4
[19-Jul-2016 08:31:40 UTC] PHP Stack trace:
[19-Jul-2016 08:31:40 UTC] PHP   1. {main}() /home/ubuntu/workspace/WorldO/views/personalPage.php:0
[19-Jul-2016 08:31:40 UTC] PHP Fatal error:  require_once(): Failed opening required 'model/loadArticle.php' (include_path='.:/usr/share/php:/usr/share/pear') in /home/ubuntu/workspace/WorldO/views/personalPage.php on line 4
[19-Jul-2016 08:31:40 UTC] PHP Stack trace:
[19-Jul-2016 08:31:40 UTC] PHP   1. {main}() /home/ubuntu/workspace/WorldO/views/personalPage.php:0
[19-Jul-2016 08:34:28 UTC] PHP Warning:  require_once(model/loadArticle.php): failed to open stream: No such file or directory in /home/ubuntu/workspace/WorldO/views/personalPage.php on line 4
[19-Jul-2016 08:34:28 UTC] PHP Stack trace:
[19-Jul-2016 08:34:28 UTC] PHP   1. {main}() /home/ubuntu/workspace/WorldO/views/personalPage.php:0
[19-Jul-2016 08:34:28 UTC] PHP Fatal error:  require_once(): Failed opening required 'model/loadArticle.php' (include_path='.:/usr/share/php:/usr/share/pear') in /home/ubuntu/workspace/WorldO/views/personalPage.php on line 4
[19-Jul-2016 08:34:28 UTC] PHP Stack trace:
[19-Jul-2016 08:34:28 UTC] PHP   1. {main}() /home/ubuntu/workspace/WorldO/views/personalPage.php:0
[19-Jul-2016 08:42:57 UTC] PHP Warning:  require_once(model/loadArticle.php): failed to open stream: No such file or directory in /home/ubuntu/workspace/WorldO/views/personalPage.php on line 4
[19-Jul-2016 08:42:57 UTC] PHP Stack trace:
[19-Jul-2016 08:42:57 UTC] PHP   1. {main}() /home/ubuntu/workspace/WorldO/views/personalPage.php:0
[19-Jul-2016 08:42:57 UTC] PHP Fatal error:  require_once(): Failed opening required 'model/loadArticle.php' (include_path='.:/usr/share/php:/usr/share/pear') in /home/ubuntu/workspace/WorldO/views/personalPage.php on line 4
[19-Jul-2016 08:42:57 UTC] PHP Stack trace:
[19-Jul-2016 08:42:57 UTC] PHP   1. {main}() /home/ubuntu/workspace/WorldO/views/personalPage.php:0
[21-Jul-2016 03:19:46 UTC] PHP Warning:  require_once(model/loadArticle.php): failed to open stream: No such file or directory in /home/ubuntu/workspace/WorldO/views/personalPage.php on line 4
[21-Jul-2016 03:19:46 UTC] PHP Stack trace:
[21-Jul-2016 03:19:46 UTC] PHP   1. {main}() /home/ubuntu/workspace/WorldO/views/personalPage.php:0
[21-Jul-2016 03:19:46 UTC] PHP Fatal error:  require_once(): Failed opening required 'model/loadArticle.php' (include_path='.:/usr/share/php:/usr/share/pear') in /home/ubuntu/workspace/WorldO/views/personalPage.php on line 4
[21-Jul-2016 03:19:46 UTC] PHP Stack trace:
[21-Jul-2016 03:19:46 UTC] PHP   1. {main}() /home/ubuntu/workspace/WorldO/views/personalPage.php:0
[21-Jul-2016 03:22:06 UTC] PHP Warning:  Invalid argument supplied for foreach() in /home/ubuntu/workspace/WorldO/views/personalPage.php on line 98
[21-Jul-2016 03:22:06 UTC] PHP Stack trace:
[21-Jul-2016 03:22:06 UTC] PHP   1. {main}() /home/ubuntu/workspace/WorldO/views/personalPage.php:0
[21-Jul-2016 03:27:12 UTC] PHP Warning:  include_once(config.php): failed to open stream: No such file or directory in /home/ubuntu/workspace/WorldO/views/personalPage.php on line 8
[21-Jul-2016 03:27:12 UTC] PHP Stack trace:
[21-Jul-2016 03:27:12 UTC] PHP   1. {main}() /home/ubuntu/workspace/WorldO/views/personalPage.php:0
[21-Jul-2016 03:27:12 UTC] PHP Warning:  include_once(): Failed opening 'config.php' for inclusion (include_path='.:/usr/share/php:/usr/share/pear') in /home/ubuntu/workspace/WorldO/views/personalPage.php on line 8
[21-Jul-2016 03:27:12 UTC] PHP Stack trace:
[21-Jul-2016 03:27:12 UTC] PHP   1. {main}() /home/ubuntu/workspace/WorldO/views/personalPage.php:0
[21-Jul-2016 03:27:12 UTC] PHP Fatal error:  Using $this when not in object context in /home/ubuntu/workspace/WorldO/views/personalPage.php on line 9
[21-Jul-2016 03:27:12 UTC] PHP Stack trace:
[21-Jul-2016 03:27:12 UTC] PHP   1. {main}() /home/ubuntu/workspace/WorldO/views/personalPage.php:0
[21-Jul-2016 03:28:17 UTC] PHP Warning:  include_once(config.php): failed to open stream: No such file or directory in /home/ubuntu/workspace/WorldO/views/personalPage.php on line 8
[21-Jul-2016 03:28:17 UTC] PHP Stack trace:
[21-Jul-2016 03:28:17 UTC] PHP   1. {main}() /home/ubuntu/workspace/WorldO/views/personalPage.php:0
[21-Jul-2016 03:28:17 UTC] PHP Warning:  include_once(): Failed opening 'config.php' for inclusion (include_path='.:/usr/share/php:/usr/share/pear') in /home/ubuntu/workspace/WorldO/views/personalPage.php on line 8
[21-Jul-2016 03:28:17 UTC] PHP Stack trace:
[21-Jul-2016 03:28:17 UTC] PHP   1. {main}() /home/ubuntu/workspace/WorldO/views/personalPage.php:0
[21-Jul-2016 03:28:17 UTC] PHP Fatal error:  Using $this when not in object context in /home/ubuntu/workspace/WorldO/views/personalPage.php on line 9
[21-Jul-2016 03:28:17 UTC] PHP Stack trace:
[21-Jul-2016 03:28:17 UTC] PHP   1. {main}() /home/ubuntu/workspace/WorldO/views/personalPage.php:0
[21-Jul-2016 05:47:42 UTC] PHP Warning:  require_once(../model/database.php): failed to open stream: No such file or directory in /home/ubuntu/workspace/WorldO/controllers/userController.php on line 3
[21-Jul-2016 05:47:42 UTC] PHP Stack trace:
[21-Jul-2016 05:47:42 UTC] PHP   1. {main}() /home/ubuntu/workspace/WorldO/controllers/userController.php:0
[21-Jul-2016 05:47:42 UTC] PHP Fatal error:  require_once(): Failed opening required '../model/database.php' (include_path='.:/usr/share/php:/usr/share/pear') in /home/ubuntu/workspace/WorldO/controllers/userController.php on line 3
[21-Jul-2016 05:47:42 UTC] PHP Stack trace:
[21-Jul-2016 05:47:42 UTC] PHP   1. {main}() /home/ubuntu/workspace/WorldO/controllers/userController.php:0
[21-Jul-2016 05:54:54 UTC] PHP Warning:  require_once(../model/database.php): failed to open stream: No such file or directory in /home/ubuntu/workspace/WorldO/controllers/userController.php on line 3
[21-Jul-2016 05:54:54 UTC] PHP Stack trace:
[21-Jul-2016 05:54:54 UTC] PHP   1. {main}() /home/ubuntu/workspace/WorldO/controllers/userController.php:0
[21-Jul-2016 05:54:54 UTC] PHP Fatal error:  require_once(): Failed opening required '../model/database.php' (include_path='.:/usr/share/php:/usr/share/pear') in /home/ubuntu/workspace/WorldO/controllers/userController.php on line 3
[21-Jul-2016 05:54:54 UTC] PHP Stack trace:
[21-Jul-2016 05:54:54 UTC] PHP   1. {main}() /home/ubuntu/workspace/WorldO/controllers/userController.php:0
[21-Jul-2016 05:54:54 UTC] PHP Warning:  require_once(../model/database.php): failed to open stream: No such file or directory in /home/ubuntu/workspace/WorldO/controllers/userController.php on line 3
[21-Jul-2016 05:54:54 UTC] PHP Stack trace:
[21-Jul-2016 05:54:54 UTC] PHP   1. {main}() /home/ubuntu/workspace/WorldO/controllers/userController.php:0
[21-Jul-2016 05:54:54 UTC] PHP Fatal error:  require_once(): Failed opening required '../model/database.php' (include_path='.:/usr/share/php:/usr/share/pear') in /home/ubuntu/workspace/WorldO/controllers/userController.php on line 3
[21-Jul-2016 05:54:54 UTC] PHP Stack trace:
[21-Jul-2016 05:54:54 UTC] PHP   1. {main}() /home/ubuntu/workspace/WorldO/controllers/userController.php:0
[21-Jul-2016 05:55:02 UTC] PHP Warning:  require_once(../model/database.php): failed to open stream: No such file or directory in /home/ubuntu/workspace/WorldO/controllers/userController.php on line 3
[21-Jul-2016 05:55:02 UTC] PHP Stack trace:
[21-Jul-2016 05:55:02 UTC] PHP   1. {main}() /home/ubuntu/workspace/WorldO/controllers/userController.php:0
[21-Jul-2016 05:55:02 UTC] PHP Fatal error:  require_once(): Failed opening required '../model/database.php' (include_path='.:/usr/share/php:/usr/share/pear') in /home/ubuntu/workspace/WorldO/controllers/userController.php on line 3
[21-Jul-2016 05:55:02 UTC] PHP Stack trace:
[21-Jul-2016 05:55:02 UTC] PHP   1. {main}() /home/ubuntu/workspace/WorldO/controllers/userController.php:0
